-------------------------------------------------------------------------------
Test set: TestRunner.TestRunner
-------------------------------------------------------------------------------
Tests run: 13, Failures: 0, Errors: 4, Skipped: 0, Time elapsed: 4.395 sec <<< FAILURE!
Create Logger for Using 17 Hex Chars Key(Logger Creation Functionality)  Time elapsed: 0.323 sec  <<< ERROR!
org.json.JSONException: A JSONArray text must start with '[' at 0 [character 1 line 1]
	at org.json.JSONTokener.syntaxError(JSONTokener.java:505)
	at org.json.JSONArray.<init>(JSONArray.java:108)
	at org.json.JSONArray.<init>(JSONArray.java:161)
	at PageFactory.Implementation_Class.get_message_description(Implementation_Class.java:278)
	at StepDefinition.stepdefinition.messages(stepdefinition.java:87)
	at ✽.response should contain message "Hex id 0123456789AFBCDE1 couldn't be parsed"(file:src/test/resources/feature/Test_3.feature:22)

Create Logger for Invalid Invalid Content Type(Logger Creation Functionality)  Time elapsed: 0.006 sec  <<< ERROR!
java.lang.NullPointerException
	at Common.ApiHelper.getResponseBody(ApiHelper.java:132)
	at PageFactory.Implementation_Class.returnResponseBody(Implementation_Class.java:58)
	at StepDefinition.stepdefinition.returningResponseBody(stepdefinition.java:37)
	at ✽.Return the response Body(file:src/test/resources/feature/Test_3.feature:39)

Create Logger for Invalid Invalid API KEY(Logger Creation Functionality)  Time elapsed: 0.004 sec  <<< ERROR!
java.lang.NullPointerException
	at Common.ApiHelper.getResponseBody(ApiHelper.java:132)
	at PageFactory.Implementation_Class.returnResponseBody(Implementation_Class.java:58)
	at StepDefinition.stepdefinition.returningResponseBody(stepdefinition.java:37)
	at ✽.Return the response Body(file:src/test/resources/feature/Test_3.feature:51)

Create Logger for Invalid Empty API KEy(Logger Creation Functionality)  Time elapsed: 0.002 sec  <<< ERROR!
java.lang.NullPointerException
	at Common.ApiHelper.getResponseBody(ApiHelper.java:132)
	at PageFactory.Implementation_Class.returnResponseBody(Implementation_Class.java:58)
	at StepDefinition.stepdefinition.returningResponseBody(stepdefinition.java:37)
	at ✽.Return the response Body(file:src/test/resources/feature/Test_3.feature:51)

